<?xml version="1.0" encoding="UTF-8"?>
<testng-results ignored="0" total="1" passed="1" failed="0" skipped="0">
  <reporter-output>
  </reporter-output>
  <suite started-at="2023-11-03T20:10:02 IST" name="Default suite" finished-at="2023-11-03T20:10:18 IST" duration-ms="15559">
    <groups>
    </groups>
    <test started-at="2023-11-03T20:10:02 IST" name="Default test" finished-at="2023-11-03T20:10:18 IST" duration-ms="15559">
      <class name="login.DWS_Login_01_Test">
        <test-method is-config="true" signature="launchingBrowserAndNavigateToApp()[pri:0, instance:login.DWS_Login_01_Test@2d710f1a]" started-at="2023-11-03T20:10:03 IST" name="launchingBrowserAndNavigateToApp" finished-at="2023-11-03T20:10:15 IST" duration-ms="12358" status="PASS">
          <reporter-output>
          </reporter-output>
        </test-method> <!-- launchingBrowserAndNavigateToApp -->
        <test-method is-config="true" signature="loginToApplication()[pri:0, instance:login.DWS_Login_01_Test@2d710f1a]" started-at="2023-11-03T20:10:15 IST" name="loginToApplication" finished-at="2023-11-03T20:10:15 IST" duration-ms="70" status="PASS">
          <reporter-output>
          </reporter-output>
        </test-method> <!-- loginToApplication -->
        <test-method signature="Login_to_application_with_valid_credentials()[pri:0, instance:login.DWS_Login_01_Test@2d710f1a]" started-at="2023-11-03T20:10:15 IST" name="Login_to_application_with_valid_credentials" finished-at="2023-11-03T20:10:18 IST" duration-ms="2297" status="PASS">
          <reporter-output>
          </reporter-output>
        </test-method> <!-- Login_to_application_with_valid_credentials -->
        <test-method is-config="true" signature="logoutFromApplication()[pri:0, instance:login.DWS_Login_01_Test@2d710f1a]" started-at="2023-11-03T20:10:18 IST" name="logoutFromApplication" finished-at="2023-11-03T20:10:18 IST" duration-ms="2" status="PASS">
          <reporter-output>
          </reporter-output>
        </test-method> <!-- logoutFromApplication -->
        <test-method is-config="true" signature="tearDownTheBrowser()[pri:0, instance:login.DWS_Login_01_Test@2d710f1a]" started-at="2023-11-03T20:10:18 IST" name="tearDownTheBrowser" finished-at="2023-11-03T20:10:18 IST" duration-ms="322" status="PASS">
          <reporter-output>
          </reporter-output>
        </test-method> <!-- tearDownTheBrowser -->
      </class> <!-- login.DWS_Login_01_Test -->
    </test> <!-- Default test -->
  </suite> <!-- Default suite -->
</testng-results>
