<?xml version="1.0" encoding="UTF-8"?>
<testng-results ignored="0" total="1" passed="1" failed="0" skipped="0">
  <reporter-output>
  </reporter-output>
  <suite started-at="2023-11-08T21:20:01 IST" name="Default suite" finished-at="2023-11-08T21:20:06 IST" duration-ms="5559">
    <groups>
    </groups>
    <test started-at="2023-11-08T21:20:01 IST" name="Default test" finished-at="2023-11-08T21:20:06 IST" duration-ms="5559">
      <class name="wishList.HandlingDynamicEle">
        <test-method signature="app()[pri:0, instance:wishList.HandlingDynamicEle@7bd4937b]" started-at="2023-11-08T21:20:01 IST" name="app" finished-at="2023-11-08T21:20:06 IST" duration-ms="5499" status="PASS">
          <reporter-output>
          </reporter-output>
        </test-method> <!-- app -->
      </class> <!-- wishList.HandlingDynamicEle -->
    </test> <!-- Default test -->
  </suite> <!-- Default suite -->
</testng-results>
